[2026-04-24 11:42:20] audit_admin.user_list_view ip=::1 route=admin-users method=GET uri=/phongtro/?route=admin-users {"route":"admin-users","entity_type":"user","entity_id":"multiple","actor_id":4,"actor_role":"admin"}
[2026-04-24 11:42:21] audit_admin.lead_full_contact_view ip=::1 route=admin-leads method=GET uri=/phongtro/?route=admin-leads {"route":"admin-leads","entity_type":"lead","entity_id":"multiple","actor_id":4,"actor_role":"admin"}
[2026-04-24 11:42:21] audit_admin.payment_list_view ip=::1 route=admin-payments method=GET uri=/phongtro/?route=admin-payments {"route":"admin-payments","entity_type":"payment","entity_id":"multiple","actor_id":4,"actor_role":"admin"}
[2026-04-24 11:42:21] audit_admin.payment_list_view ip=::1 route=admin-payments method=GET uri=/phongtro/?route=admin-payments {"route":"admin-payments","entity_type":"payment","entity_id":"multiple","actor_id":4,"actor_role":"admin"}
[2026-04-24 11:51:37] audit_admin.payment_list_view ip=::1 route=admin-payments method=GET uri=/phongtro/?route=admin-payments {"route":"admin-payments","entity_type":"payment","entity_id":"multiple","actor_id":4,"actor_role":"admin"}
[2026-04-24 11:51:38] audit_admin.payment_list_view ip=::1 route=admin-payments method=GET uri=/phongtro/?route=admin-payments {"route":"admin-payments","entity_type":"payment","entity_id":"multiple","actor_id":4,"actor_role":"admin"}
[2026-04-24 11:51:38] audit_admin.payment_list_view ip=::1 route=admin-payments method=GET uri=/phongtro/?route=admin-payments {"route":"admin-payments","entity_type":"payment","entity_id":"multiple","actor_id":4,"actor_role":"admin"}
[2026-04-24 11:51:42] audit_admin.payment_list_view ip=::1 route=admin-payments method=GET uri=/phongtro/?route=admin-payments {"route":"admin-payments","entity_type":"payment","entity_id":"multiple","actor_id":4,"actor_role":"admin"}
[2026-04-24 11:53:01] audit_admin.user_list_view ip=::1 route=admin-users method=GET uri=/phongtro/?route=admin-users {"route":"admin-users","entity_type":"user","entity_id":"multiple","actor_id":4,"actor_role":"admin"}
[2026-04-24 11:53:02] audit_admin.lead_full_contact_view ip=::1 route=admin-leads method=GET uri=/phongtro/?route=admin-leads {"route":"admin-leads","entity_type":"lead","entity_id":"multiple","actor_id":4,"actor_role":"admin"}
[2026-04-24 12:10:27] audit_lead.full_contact_view ip=::1 route=dashboard method=GET uri=/phongtro/?route=dashboard {"route":"dashboard","entity_type":"lead","entity_id":"multiple","actor_id":5,"actor_role":"landlord"}
[2026-04-24 12:53:54] audit_lead.full_contact_view ip=::1 route=dashboard method=GET uri=/phongtro/?route=dashboard {"route":"dashboard","entity_type":"lead","entity_id":"multiple","actor_id":5,"actor_role":"landlord"}
[2026-04-24 12:53:56] audit_lead.full_contact_view ip=::1 route=dashboard method=GET uri=/phongtro/?route=dashboard {"route":"dashboard","entity_type":"lead","entity_id":"multiple","actor_id":5,"actor_role":"landlord"}
[2026-04-24 12:53:57] audit_lead.full_contact_view ip=::1 route=dashboard method=GET uri=/phongtro/?route=dashboard {"route":"dashboard","entity_type":"lead","entity_id":"multiple","actor_id":5,"actor_role":"landlord"}
[2026-04-24 21:16:12] audit_admin.payment_list_view ip=::1 route=admin-payments method=GET uri=/phongtro/?route=admin-payments {"route":"admin-payments","entity_type":"payment","entity_id":"multiple","actor_id":4,"actor_role":"admin"}
[2026-04-24 21:21:19] audit_admin.user_list_view ip=::1 route=admin-users method=GET uri=/phongtro/?route=admin-users {"route":"admin-users","entity_type":"user","entity_id":"multiple","actor_id":4,"actor_role":"admin"}
[2026-04-24 21:26:59] audit_lead.full_contact_view ip=::1 route=dashboard method=GET uri=/phongtro/?route=dashboard&tab=lead {"route":"dashboard","entity_type":"lead","entity_id":"multiple","actor_id":5,"actor_role":"landlord"}
[2026-04-24 21:30:28] audit_lead.full_contact_view ip=::1 route=dashboard method=GET uri=/phongtro/?route=dashboard&tab=lead {"route":"dashboard","entity_type":"lead","entity_id":"multiple","actor_id":5,"actor_role":"landlord"}
[2026-04-24 21:31:22] audit_admin.user_list_view ip=::1 route=admin-users method=GET uri=/phongtro/?route=admin-users {"route":"admin-users","entity_type":"user","entity_id":"multiple","actor_id":4,"actor_role":"admin"}
[2026-04-24 21:46:31] audit_admin.user_list_view ip=::1 route=admin-users method=GET uri=/phongtro/?route=admin-users {"route":"admin-users","entity_type":"user","entity_id":"multiple","actor_id":4,"actor_role":"admin"}
[2026-04-24 21:46:48] audit_admin.user_list_view ip=::1 route=admin-users method=GET uri=/phongtro/?route=admin-users {"route":"admin-users","entity_type":"user","entity_id":"multiple","actor_id":4,"actor_role":"admin"}
[2026-04-25 00:31:29] audit_admin.lead_full_contact_view ip=::1 route=admin-leads method=GET uri=/phongtro/?route=admin-leads {"route":"admin-leads","entity_type":"lead","entity_id":"multiple","actor_id":4,"actor_role":"admin"}
[2026-04-25 00:31:39] audit_admin.lead_full_contact_view ip=::1 route=admin-leads method=GET uri=/phongtro/?route=admin-leads {"route":"admin-leads","entity_type":"lead","entity_id":"multiple","actor_id":4,"actor_role":"admin"}
[2026-04-25 00:31:44] audit_admin.payment_list_view ip=::1 route=admin-payments method=GET uri=/phongtro/?route=admin-payments {"route":"admin-payments","entity_type":"payment","entity_id":"multiple","actor_id":4,"actor_role":"admin"}
[2026-04-25 00:32:19] audit_admin.user_list_view ip=::1 route=admin-users method=GET uri=/phongtro/?route=admin-users {"route":"admin-users","entity_type":"user","entity_id":"multiple","actor_id":4,"actor_role":"admin"}
[2026-04-25 00:38:46] audit_admin.lead_full_contact_view ip=::1 route=admin-leads method=GET uri=/phongtro/?route=admin-leads {"route":"admin-leads","entity_type":"lead","entity_id":"multiple","actor_id":4,"actor_role":"admin"}
[2026-04-25 01:09:35] audit_lead.full_contact_view ip=::1 route=dashboard method=GET uri=/phongtro/?route=dashboard {"route":"dashboard","entity_type":"lead","entity_id":"multiple","actor_id":5,"actor_role":"landlord"}
[2026-04-25 01:09:37] audit_lead.full_contact_view ip=::1 route=dashboard method=GET uri=/phongtro/?route=dashboard {"route":"dashboard","entity_type":"lead","entity_id":"multiple","actor_id":5,"actor_role":"landlord"}
[2026-04-25 01:09:38] audit_lead.full_contact_view ip=::1 route=dashboard method=GET uri=/phongtro/?route=dashboard {"route":"dashboard","entity_type":"lead","entity_id":"multiple","actor_id":5,"actor_role":"landlord"}
[2026-04-25 01:09:38] audit_lead.full_contact_view ip=::1 route=dashboard method=GET uri=/phongtro/?route=dashboard {"route":"dashboard","entity_type":"lead","entity_id":"multiple","actor_id":5,"actor_role":"landlord"}
[2026-04-25 01:09:59] audit_lead.full_contact_view ip=::1 route=dashboard method=GET uri=/phongtro/?route=dashboard {"route":"dashboard","entity_type":"lead","entity_id":"multiple","actor_id":5,"actor_role":"landlord"}
[2026-04-25 01:10:51] audit_lead.full_contact_view ip=::1 route=dashboard method=GET uri=/phongtro/?route=dashboard {"route":"dashboard","entity_type":"lead","entity_id":"multiple","actor_id":5,"actor_role":"landlord"}
[2026-04-25 01:10:57] audit_lead.full_contact_view ip=::1 route=dashboard method=GET uri=/phongtro/?route=dashboard {"route":"dashboard","entity_type":"lead","entity_id":"multiple","actor_id":5,"actor_role":"landlord"}
[2026-04-25 01:11:02] audit_lead.full_contact_view ip=::1 route=dashboard method=GET uri=/phongtro/?route=dashboard {"route":"dashboard","entity_type":"lead","entity_id":"multiple","actor_id":5,"actor_role":"landlord"}
